<?xml version="1.0" encoding="UTF-8"?>
<testng-results skipped="0" failed="0" ignored="0" total="1" passed="1">
  <reporter-output>
  </reporter-output>
  <suite name="Default suite" duration-ms="8745" started-at="2020-06-21T08:45:18 ICT" finished-at="2020-06-21T08:45:27 ICT">
    <groups>
    </groups>
    <test name="Default test" duration-ms="8745" started-at="2020-06-21T08:45:18 ICT" finished-at="2020-06-21T08:45:27 ICT">
      <class name="TestLoginLMS.TestLoginAP">
        <test-method status="PASS" signature="f()[pri:0, instance:TestLoginLMS.TestLoginAP@47db50c5]" name="f" duration-ms="8716" started-at="2020-06-21T08:45:18 ICT" finished-at="2020-06-21T08:45:27 ICT">
          <reporter-output>
          </reporter-output>
        </test-method> <!-- f -->
      </class> <!-- TestLoginLMS.TestLoginAP -->
    </test> <!-- Default test -->
  </suite> <!-- Default suite -->
</testng-results>
